--- Copying files at Fri Oct  4 20:37:29 UTC 2024
--- Copied files finished at Fri Oct  4 20:37:29 UTC 2024
--- Copying files at Wed Oct  9 10:20:45 UTC 2024
--- Copied files finished at Wed Oct  9 10:20:45 UTC 2024
--- Copying files at Wed Oct  9 10:25:24 UTC 2024
--- Copied files finished at Wed Oct  9 10:25:24 UTC 2024
--- Copying files at Wed Oct  9 16:24:25 UTC 2024
--- Copied files finished at Wed Oct  9 16:24:25 UTC 2024
--- Copying files at Wed Oct  9 17:02:07 UTC 2024
--- Copied files finished at Wed Oct  9 17:02:08 UTC 2024
--- Copying files at Wed Oct  9 17:14:24 UTC 2024
--- Copied files finished at Wed Oct  9 17:14:24 UTC 2024
--- Copying files at Wed Oct  9 17:22:13 UTC 2024
--- Copied files finished at Wed Oct  9 17:22:13 UTC 2024
--- Copying files at Wed Oct  9 17:44:21 UTC 2024
--- Copied files finished at Wed Oct  9 17:44:21 UTC 2024
--- Copying files at Wed Oct  9 19:19:14 UTC 2024
--- Copied files finished at Wed Oct  9 19:19:14 UTC 2024
--- Copying files at Wed Oct  9 19:20:04 UTC 2024
--- Copied files finished at Wed Oct  9 19:20:04 UTC 2024
--- Copying files at Wed Oct  9 19:22:57 UTC 2024
--- Copied files finished at Wed Oct  9 19:22:57 UTC 2024
--- Copying files at Wed Oct  9 19:24:54 UTC 2024
--- Copied files finished at Wed Oct  9 19:24:54 UTC 2024
--- Copying files at Thu Oct 10 00:01:43 UTC 2024
--- Copied files finished at Thu Oct 10 00:01:43 UTC 2024
--- Copying files at Thu Oct 10 00:06:35 UTC 2024
--- Copied files finished at Thu Oct 10 00:06:35 UTC 2024
--- Copying files at Thu Oct 10 00:09:00 UTC 2024
--- Copied files finished at Thu Oct 10 00:09:00 UTC 2024
--- Copying files at Thu Oct 10 06:55:56 UTC 2024
--- Copied files finished at Thu Oct 10 06:55:56 UTC 2024
